<?xml version="1.0" encoding="UTF-8"?>
<!-- Generated by org.testng.reporters.JUnitReportReporter -->
<testsuite hostname="User-PC" name="com.toolQa.testCasess.RegistrationTest" tests="14" failures="0" timestamp="18 Dec 2017 06:53:49 GMT" time="212.798" errors="0">
  <testcase name="f" time="13.773" classname="com.toolQa.testCasess.RegistrationTest"/>
  <testcase name="f" time="14.747" classname="com.toolQa.testCasess.RegistrationTest"/>
  <testcase name="f" time="16.257" classname="com.toolQa.testCasess.RegistrationTest"/>
  <testcase name="f" time="12.859" classname="com.toolQa.testCasess.RegistrationTest"/>
  <testcase name="f" time="16.617" classname="com.toolQa.testCasess.RegistrationTest"/>
  <testcase name="f" time="18.163" classname="com.toolQa.testCasess.RegistrationTest"/>
  <testcase name="f" time="13.309" classname="com.toolQa.testCasess.RegistrationTest"/>
  <testcase name="f" time="11.507" classname="com.toolQa.testCasess.RegistrationTest"/>
  <testcase name="f" time="19.390" classname="com.toolQa.testCasess.RegistrationTest"/>
  <testcase name="f" time="10.598" classname="com.toolQa.testCasess.RegistrationTest"/>
  <testcase name="f" time="20.728" classname="com.toolQa.testCasess.RegistrationTest"/>
  <testcase name="f" time="14.256" classname="com.toolQa.testCasess.RegistrationTest"/>
  <testcase name="f" time="13.259" classname="com.toolQa.testCasess.RegistrationTest"/>
  <testcase name="f" time="17.335" classname="com.toolQa.testCasess.RegistrationTest"/>
</testsuite> <!-- com.toolQa.testCasess.RegistrationTest -->
