<?xml version="1.0" encoding="UTF-8"?>
<!-- Generated by org.testng.reporters.JUnitReportReporter -->
<testsuite hostname="User-PC" name="com.toolQa.testCasess.CompreTwoExcelFiles" tests="1" failures="0" timestamp="18 Dec 2017 14:06:30 GMT" time="0.579" errors="0">
  <testcase name="comaringexcel" time="0.579" classname="com.toolQa.testCasess.CompreTwoExcelFiles"/>
</testsuite> <!-- com.toolQa.testCasess.CompreTwoExcelFiles -->
