<?xml version="1.0" encoding="UTF-8"?>
<!-- Generated by org.testng.reporters.JUnitReportReporter -->
<testsuite hostname="User-PC" name="com.toolQa.testCasess.NewTest" tests="1" failures="0" timestamp="12 Dec 2017 07:10:39 GMT" time="13.727" errors="0">
  <testcase name="f" time="13.727" classname="com.toolQa.testCasess.NewTest"/>
</testsuite> <!-- com.toolQa.testCasess.NewTest -->
