<?xml version="1.0" encoding="UTF-8"?>
<!-- Generated by org.testng.reporters.JUnitReportReporter -->
<testsuite hostname="User-PC" name="com.toolQa.testCasess.NewTest" tests="1" failures="0" timestamp="7 Feb 2018 08:45:14 GMT" time="11.491" errors="0">
  <testcase name="f" time="11.491" classname="com.toolQa.testCasess.NewTest"/>
</testsuite> <!-- com.toolQa.testCasess.NewTest -->
