<?xml version="1.0" encoding="UTF-8"?>
<!-- Generated by org.testng.reporters.JUnitReportReporter -->
<testsuite hostname="User-PC" name="com.toolQa.testCasess.ReadingData" tests="14" failures="0" timestamp="12 Dec 2017 12:12:31 GMT" time="0.020" errors="0">
  <testcase name="f" time="0.001" classname="com.toolQa.testCasess.ReadingData"/>
  <testcase name="f" time="0.000" classname="com.toolQa.testCasess.ReadingData"/>
  <testcase name="f" time="0.001" classname="com.toolQa.testCasess.ReadingData"/>
  <testcase name="f" time="0.001" classname="com.toolQa.testCasess.ReadingData"/>
  <testcase name="f" time="0.001" classname="com.toolQa.testCasess.ReadingData"/>
  <testcase name="f" time="0.001" classname="com.toolQa.testCasess.ReadingData"/>
  <testcase name="f" time="0.001" classname="com.toolQa.testCasess.ReadingData"/>
  <testcase name="f" time="0.001" classname="com.toolQa.testCasess.ReadingData"/>
  <testcase name="f" time="0.001" classname="com.toolQa.testCasess.ReadingData"/>
  <testcase name="f" time="0.001" classname="com.toolQa.testCasess.ReadingData"/>
  <testcase name="f" time="0.008" classname="com.toolQa.testCasess.ReadingData"/>
  <testcase name="f" time="0.002" classname="com.toolQa.testCasess.ReadingData"/>
  <testcase name="f" time="0.000" classname="com.toolQa.testCasess.ReadingData"/>
  <testcase name="f" time="0.001" classname="com.toolQa.testCasess.ReadingData"/>
</testsuite> <!-- com.toolQa.testCasess.ReadingData -->
