<?xml version="1.0" encoding="UTF-8"?>
<!-- Generated by org.testng.reporters.JUnitReportReporter -->
<testsuite hostname="User-PC" name="com.toolQa.testCasess.SwitchWindowTest" tests="4" failures="0" timestamp="18 Dec 2017 06:53:49 GMT" time="101.004" errors="0">
  <testcase name="handelingBrowserWindow" time="19.906" classname="com.toolQa.testCasess.SwitchWindowTest"/>
  <testcase name="handelMessageWindow" time="35.107" classname="com.toolQa.testCasess.SwitchWindowTest"/>
  <testcase name="handelMessageWindow" time="25.396" classname="com.toolQa.testCasess.SwitchWindowTest"/>
  <testcase name="handelingBrowserWindow" time="20.595" classname="com.toolQa.testCasess.SwitchWindowTest"/>
</testsuite> <!-- com.toolQa.testCasess.SwitchWindowTest -->
